Performing C++ SOURCE FILE Test CMAKE_HAVE_LIBC_PTHREAD failed with the following output:
Change Dir: /home/wanghao/Desktop/projects/TensorRT/python/CMakeFiles/CMakeTmp

Run Build Command(s):/usr/bin/make -f Makefile cmTC_a4634/fast && /usr/bin/make  -f CMakeFiles/cmTC_a4634.dir/build.make CMakeFiles/cmTC_a4634.dir/build
make[1]: 进入目录“/home/wanghao/Desktop/projects/TensorRT/python/CMakeFiles/CMakeTmp”
Building CXX object CMakeFiles/cmTC_a4634.dir/src.cxx.o
/usr/bin/g++ -DCMAKE_HAVE_LIBC_PTHREAD  -Wno-deprecated-declarations  -DBUILD_SYSTEM=cmake_oss  -std=c++11 -o CMakeFiles/cmTC_a4634.dir/src.cxx.o -c /home/wanghao/Desktop/projects/TensorRT/python/CMakeFiles/CMakeTmp/src.cxx
Linking CXX executable cmTC_a4634
/home/wanghao/Desktop/pkgs/cmake-3.21.2-linux-x86_64/bin/cmake -E cmake_link_script CMakeFiles/cmTC_a4634.dir/link.txt --verbose=1
/usr/bin/g++ -Wno-deprecated-declarations  -DBUILD_SYSTEM=cmake_oss  CMakeFiles/cmTC_a4634.dir/src.cxx.o -o cmTC_a4634 
CMakeFiles/cmTC_a4634.dir/src.cxx.o：在函数‘main’中：
src.cxx:(.text+0x3e)：对‘pthread_create’未定义的引用
src.cxx:(.text+0x4a)：对‘pthread_detach’未定义的引用
src.cxx:(.text+0x56)：对‘pthread_cancel’未定义的引用
src.cxx:(.text+0x67)：对‘pthread_join’未定义的引用
src.cxx:(.text+0x7b)：对‘pthread_atfork’未定义的引用
collect2: error: ld returned 1 exit status
CMakeFiles/cmTC_a4634.dir/build.make:98: recipe for target 'cmTC_a4634' failed
make[1]: *** [cmTC_a4634] Error 1
make[1]: 离开目录“/home/wanghao/Desktop/projects/TensorRT/python/CMakeFiles/CMakeTmp”
Makefile:127: recipe for target 'cmTC_a4634/fast' failed
make: *** [cmTC_a4634/fast] Error 2


Source file was:
#include <pthread.h>

static void* test_func(void* data)
{
  return data;
}

int main(void)
{
  pthread_t thread;
  pthread_create(&thread, NULL, test_func, NULL);
  pthread_detach(thread);
  pthread_cancel(thread);
  pthread_join(thread, NULL);
  pthread_atfork(NULL, NULL, NULL);
  pthread_exit(NULL);

  return 0;
}

Determining if the function pthread_create exists in the pthreads failed with the following output:
Change Dir: /home/wanghao/Desktop/projects/TensorRT/python/CMakeFiles/CMakeTmp

Run Build Command(s):/usr/bin/make -f Makefile cmTC_41067/fast && /usr/bin/make  -f CMakeFiles/cmTC_41067.dir/build.make CMakeFiles/cmTC_41067.dir/build
make[1]: 进入目录“/home/wanghao/Desktop/projects/TensorRT/python/CMakeFiles/CMakeTmp”
Building CXX object CMakeFiles/cmTC_41067.dir/CheckFunctionExists.cxx.o
/usr/bin/g++   -Wno-deprecated-declarations  -DBUILD_SYSTEM=cmake_oss -DCHECK_FUNCTION_EXISTS=pthread_create -std=c++11 -o CMakeFiles/cmTC_41067.dir/CheckFunctionExists.cxx.o -c /home/wanghao/Desktop/projects/TensorRT/python/CMakeFiles/CheckLibraryExists/CheckFunctionExists.cxx
Linking CXX executable cmTC_41067
/home/wanghao/Desktop/pkgs/cmake-3.21.2-linux-x86_64/bin/cmake -E cmake_link_script CMakeFiles/cmTC_41067.dir/link.txt --verbose=1
/usr/bin/g++ -Wno-deprecated-declarations  -DBUILD_SYSTEM=cmake_oss -DCHECK_FUNCTION_EXISTS=pthread_create CMakeFiles/cmTC_41067.dir/CheckFunctionExists.cxx.o -o cmTC_41067  -lpthreads 
/usr/bin/ld: 找不到 -lpthreads
collect2: error: ld returned 1 exit status
CMakeFiles/cmTC_41067.dir/build.make:98: recipe for target 'cmTC_41067' failed
make[1]: *** [cmTC_41067] Error 1
make[1]: 离开目录“/home/wanghao/Desktop/projects/TensorRT/python/CMakeFiles/CMakeTmp”
Makefile:127: recipe for target 'cmTC_41067/fast' failed
make: *** [cmTC_41067/fast] Error 2



